Thu 14 Sep 2023 07:00:35 PM UTC: 
 tests:  1|8
total_score: 0/70
55fecf4
Thu 14 Sep 2023 07:04:46 PM UTC: 
 treemap.c | 6 +++++-
 1 file changed, 5 insertions(+), 1 deletion(-)
 tests:  3|8
total_score: 0/70
946b236
Thu 14 Sep 2023 07:06:03 PM UTC: 
 treemap.c | 4 ++++
 1 file changed, 4 insertions(+)
 tests:  3|8
total_score: 0/70
d33b4aa
Thu 14 Sep 2023 07:06:29 PM UTC: 
 treemap.c | 1 +
 1 file changed, 1 insertion(+)
In file included from test.c:4:
treemap.c: In function ‘createTreeMap’:
treemap.c:48:23: error: ‘lt’ undeclared (first use in this function)
   48 |     map->lower_than = lt;
      |                       ^~
treemap.c:48:23: note: each undeclared identifier is reported only once for each function it appears in
Compilation failed
13076a9
Thu 14 Sep 2023 07:06:55 PM UTC: 
 treemap.c | 2 +-
 1 file changed, 1 insertion(+), 1 deletion(-)
 tests:  4|7
total_score: 5/70
9e61234
Thu 14 Sep 2023 07:16:42 PM UTC: 
 treemap.c | 23 ++++++++++++++++++++++-
 1 file changed, 22 insertions(+), 1 deletion(-)
 tests:  6|7
total_score: 5/70
8cda964
Thu 14 Sep 2023 07:17:36 PM UTC: 
 treemap.c | 2 +-
 1 file changed, 1 insertion(+), 1 deletion(-)
 tests:  6|7
total_score: 5/70
cd788dc
Thu 14 Sep 2023 07:25:16 PM UTC: 
 treemap.c | 32 +++++++++++++++++++++++++++++++-
 1 file changed, 31 insertions(+), 1 deletion(-)
 tests:  6|7
total_score: 5/70
98954ec
Thu 14 Sep 2023 07:32:49 PM UTC: 
 treemap.c | 60 +++++++++++++++++++++++++++++-------------------------------
 1 file changed, 29 insertions(+), 31 deletions(-)
In file included from test.c:4:
treemap.c: In function ‘insertTreeMap’:
treemap.c:74:33: error: expected ‘;’ before ‘currentNode’
   74 |         parentNode = currentNode
      |                                 ^
      |                                 ;
   75 |         currentNode = currentNode->left;
      |         ~~~~~~~~~~~              
treemap.c:79:33: error: expected ‘;’ before ‘currentNode’
   79 |         parentNode = currentNode
      |                                 ^
      |                                 ;
   80 |         currentNode = currentNode->right;
      |         ~~~~~~~~~~~              
treemap.c:65:13: error: variable ‘parentNode’ set but not used [-Werror=unused-but-set-variable]
   65 |   TreeNode* parentNode = NULL;
      |             ^~~~~~~~~~
cc1: all warnings being treated as errors
Compilation failed
1720822
Thu 14 Sep 2023 07:33:05 PM UTC: 
 treemap.c | 4 ++--
 1 file changed, 2 insertions(+), 2 deletions(-)
In file included from test.c:4:
treemap.c: In function ‘insertTreeMap’:
treemap.c:65:13: error: variable ‘parentNode’ set but not used [-Werror=unused-but-set-variable]
   65 |   TreeNode* parentNode = NULL;
      |             ^~~~~~~~~~
cc1: all warnings being treated as errors
Compilation failed
e95844d
Thu 14 Sep 2023 07:34:08 PM UTC: 
 treemap.c | 20 +++++++++++++++++---
 1 file changed, 17 insertions(+), 3 deletions(-)
 tests:  6|7
total_score: 5/70
31e5def
Fri 15 Sep 2023 06:24:15 PM UTC: 
 treemap.c | 23 +++++++++++++++++++++++
 1 file changed, 23 insertions(+)
 tests:  11|6
total_score: 15/70
ba84ae1
Fri 15 Sep 2023 06:31:56 PM UTC: 
 treemap.c | 60 ++++++++++++++++++++----------------------------------------
 1 file changed, 20 insertions(+), 40 deletions(-)
In file included from test.c:4:
treemap.c: In function ‘insertTreeMap’:
treemap.c:89:7: error: ‘parentNode’ undeclared (first use in this function); did you mean ‘parent’?
   89 |   if (parentNode == NULL) {
      |       ^~~~~~~~~~
      |       parent
treemap.c:89:7: note: each undeclared identifier is reported only once for each function it appears in
treemap.c:65:13: error: variable ‘parent’ set but not used [-Werror=unused-but-set-variable]
   65 |   TreeNode* parent = NULL;
      |             ^~~~~~
treemap.c: At top level:
treemap.c:105:2: error: expected identifier or ‘(’ before ‘/’ token
  105 | */
      |  ^
test.c: In function ‘minimum_test’:
test.c:225:19: error: implicit declaration of function ‘minimum’ [-Werror=implicit-function-declaration]
  225 |     TreeNode* n = minimum(tree->root);
      |                   ^~~~~~~
test.c:225:19: error: initialization of ‘TreeNode *’ from ‘int’ makes pointer from integer without a cast [-Werror=int-conversion]
test.c:239:7: error: assignment to ‘TreeNode *’ from ‘int’ makes pointer from integer without a cast [-Werror=int-conversion]
  239 |     n = minimum(tree->root->left);
      |       ^
test.c:250:7: error: assignment to ‘TreeNode *’ from ‘int’ makes pointer from integer without a cast [-Werror=int-conversion]
  250 |     n = minimum(tree->root);
      |       ^
cc1: all warnings being treated as errors
Compilation failed
29e37b0
Fri 15 Sep 2023 06:33:13 PM UTC: 
 treemap.c | 25 ++++++++-----------------
 1 file changed, 8 insertions(+), 17 deletions(-)
test.c: In function ‘minimum_test’:
test.c:225:19: error: implicit declaration of function ‘minimum’ [-Werror=implicit-function-declaration]
  225 |     TreeNode* n = minimum(tree->root);
      |                   ^~~~~~~
test.c:225:19: error: initialization of ‘TreeNode *’ from ‘int’ makes pointer from integer without a cast [-Werror=int-conversion]
test.c:239:7: error: assignment to ‘TreeNode *’ from ‘int’ makes pointer from integer without a cast [-Werror=int-conversion]
  239 |     n = minimum(tree->root->left);
      |       ^
test.c:250:7: error: assignment to ‘TreeNode *’ from ‘int’ makes pointer from integer without a cast [-Werror=int-conversion]
  250 |     n = minimum(tree->root);
      |       ^
cc1: all warnings being treated as errors
Compilation failed
46ea8a6
Fri 15 Sep 2023 06:35:30 PM UTC: 
 treemap.c | 6 ++++++
 1 file changed, 6 insertions(+)
 tests:  13|5
total_score: 25/70
172baad
Fri 15 Sep 2023 06:38:07 PM UTC: 
 treemap.c | 6 ++++++
 1 file changed, 6 insertions(+)
 tests:  13|5
total_score: 25/70
18907df
Fri 15 Sep 2023 06:41:54 PM UTC: 
 treemap.c | 5 ++++-
 1 file changed, 4 insertions(+), 1 deletion(-)
 tests:  15|4
total_score: 25/70
84699a2
Fri 15 Sep 2023 06:44:24 PM UTC: 
 treemap.c | 1 +
 1 file changed, 1 insertion(+)
 tests:  15|4
total_score: 25/70
a31613e
Fri 15 Sep 2023 06:50:29 PM UTC: 
 treemap.c | 23 +++++++++++++++++++++++
 1 file changed, 23 insertions(+)
 tests:  16|4
total_score: 30/70
ab565f0
Fri 15 Sep 2023 06:57:00 PM UTC: 
 treemap.c | 25 +++++++++++++++++++++++++
 1 file changed, 25 insertions(+)
 tests:  17|4
total_score: 35/70
8f21dee
Fri 15 Sep 2023 06:58:31 PM UTC: 
 treemap.c | 10 ++++++++++
 1 file changed, 10 insertions(+)
 tests:  18|3
total_score: 40/70
b777b7d
Fri 15 Sep 2023 07:17:15 PM UTC: 
 treemap.c | 8 ++++++++
 1 file changed, 8 insertions(+)
 tests:  20|2
total_score: 45/70
c8a459c
Fri 15 Sep 2023 07:17:55 PM UTC: 
 treemap.c | 2 +-
 1 file changed, 1 insertion(+), 1 deletion(-)
In file included from test.c:4:
treemap.c: In function ‘firstTreeMap’:
treemap.c:229:1: error: control reaches end of non-void function [-Werror=return-type]
  229 | }
      | ^
cc1: all warnings being treated as errors
Compilation failed
3c870dd
Fri 15 Sep 2023 07:18:03 PM UTC: 
 treemap.c | 2 +-
 1 file changed, 1 insertion(+), 1 deletion(-)
 tests:  20|2
total_score: 45/70
67ed2e1
Fri 15 Sep 2023 07:19:06 PM UTC: 
 treemap.c | 19 +++++++++++++++++++
 1 file changed, 19 insertions(+)
 tests:  22|2
total_score: 50/70
304ec8d
Fri 15 Sep 2023 07:19:32 PM UTC: 
 treemap.c | 5 +++++
 1 file changed, 5 insertions(+)
 tests:  25|1
total_score: 60/70
0628993
Fri 15 Sep 2023 07:22:23 PM UTC: 
 treemap.c | 23 ++++++++++++++++++++---
 1 file changed, 20 insertions(+), 3 deletions(-)
test.c: In function ‘upperBound’:
test.c:503:5: error: ‘main’ is normally a non-static function [-Werror=main]
  503 | int main( int argc, char *argv[] ) {
      |     ^~~~
test.c:606:1: error: expected declaration or statement at end of input
  606 | }
      | ^
In file included from test.c:4:
treemap.c:221:15: error: variable ‘ub_node’ set but not used [-Werror=unused-but-set-variable]
  221 |     TreeNode* ub_node = NULL;
      |               ^~~~~~~
test.c:607: error: control reaches end of non-void function [-Werror=return-type]
At top level:
test.c:503:5: error: ‘main’ defined but not used [-Werror=unused-function]
  503 | int main( int argc, char *argv[] ) {
      |     ^~~~
cc1: all warnings being treated as errors
Compilation failed
a0f4204
Fri 15 Sep 2023 07:22:40 PM UTC: 
 treemap.c | 7 +------
 1 file changed, 1 insertion(+), 6 deletions(-)
test.c: In function ‘upperBound’:
test.c:503:5: error: ‘main’ is normally a non-static function [-Werror=main]
  503 | int main( int argc, char *argv[] ) {
      |     ^~~~
test.c:606:1: error: expected declaration or statement at end of input
  606 | }
      | ^
In file included from test.c:4:
treemap.c:216:15: error: variable ‘ub_node’ set but not used [-Werror=unused-but-set-variable]
  216 |     TreeNode* ub_node = NULL;
      |               ^~~~~~~
test.c:607: error: control reaches end of non-void function [-Werror=return-type]
At top level:
test.c:503:5: error: ‘main’ defined but not used [-Werror=unused-function]
  503 | int main( int argc, char *argv[] ) {
      |     ^~~~
cc1: all warnings being treated as errors
Compilation failed
ed86883
Fri 15 Sep 2023 07:23:02 PM UTC: 
 treemap.c | 2 ++
 1 file changed, 2 insertions(+)
test.c: In function ‘upperBound’:
test.c:503:5: error: ‘main’ is normally a non-static function [-Werror=main]
  503 | int main( int argc, char *argv[] ) {
      |     ^~~~
test.c:606:1: error: expected declaration or statement at end of input
  606 | }
      | ^
In file included from test.c:4:
treemap.c:216:15: error: variable ‘ub_node’ set but not used [-Werror=unused-but-set-variable]
  216 |     TreeNode* ub_node = NULL;
      |               ^~~~~~~
test.c:607: error: control reaches end of non-void function [-Werror=return-type]
At top level:
test.c:503:5: error: ‘main’ defined but not used [-Werror=unused-function]
  503 | int main( int argc, char *argv[] ) {
      |     ^~~~
cc1: all warnings being treated as errors
Compilation failed
1c94f55
Fri 15 Sep 2023 07:24:35 PM UTC: 
 treemap.c | 2 ++
 1 file changed, 2 insertions(+)
test.c: In function ‘upperBound’:
test.c:503:5: error: ‘main’ is normally a non-static function [-Werror=main]
  503 | int main( int argc, char *argv[] ) {
      |     ^~~~
test.c:606:1: error: expected declaration or statement at end of input
  606 | }
      | ^
test.c:607: error: control reaches end of non-void function [-Werror=return-type]
At top level:
test.c:503:5: error: ‘main’ defined but not used [-Werror=unused-function]
  503 | int main( int argc, char *argv[] ) {
      |     ^~~~
cc1: all warnings being treated as errors
Compilation failed
2ea11d5
Fri 15 Sep 2023 07:32:38 PM UTC: 
 treemap.c | 23 +++++++++++++++++++++++
 1 file changed, 23 insertions(+)
 tests:  25|1
total_score: 60/70
a350d9a
Fri 15 Sep 2023 07:35:16 PM UTC: 
 treemap.c | 12 ++++++++++--
 1 file changed, 10 insertions(+), 2 deletions(-)
 tests:  25|1
total_score: 60/70
22ff569
Fri 15 Sep 2023 07:36:55 PM UTC: 
 treemap.c | 20 ++++++++++----------
 1 file changed, 10 insertions(+), 10 deletions(-)
 tests:  29|0
total_score: 70/70
301fe6d
Fri 15 Sep 2023 07:37:26 PM UTC: 
 treemap.c | 31 +------------------------------
 1 file changed, 1 insertion(+), 30 deletions(-)
In file included from test.c:4:
treemap.c: In function ‘upperBound’:
treemap.c:239:1: error: control reaches end of non-void function [-Werror=return-type]
  239 | }
      | ^
cc1: all warnings being treated as errors
Compilation failed
c537b63
Fri 15 Sep 2023 07:37:35 PM UTC: 
 treemap.c | 2 +-
 1 file changed, 1 insertion(+), 1 deletion(-)
 tests:  29|0
total_score: 70/70
545f9d4
Fri 15 Sep 2023 07:38:52 PM UTC: 
 treemap.c | 8 ++------
 1 file changed, 2 insertions(+), 6 deletions(-)
 tests:  29|0
total_score: 70/70
aa7f3da
